Added Component: Designator=Q1(DMP3028LK313)
Add component (AddParameter): Name = "Arrow Part Number"; Value = "DMP3028LK3-13"; VariantName = "[No Variations]"
Add component (AddParameter): Name = "Arrow Price/Stock"; Value = "https://www.arrow.com/en/products/dmp3028lk3-13/diodes-incorporated"; VariantName = "[No Variations]"
Add component (AddParameter): Name = "Datasheet Link"; Value = "https://componentsearchengine.com/Datasheets/1/DMP3028LK3-13.pdf"; VariantName = "[No Variations]"
Add component (AddParameter): Name = "Height"; Value = "2.39mm"; VariantName = "[No Variations]"
Add component (AddParameter): Name = "Manufacturer_Name"; Value = "Diodes Inc."; VariantName = "[No Variations]"
Add component (AddParameter): Name = "Manufacturer_Part_Number"; Value = "DMP3028LK3-13"; VariantName = "[No Variations]"
Add component (AddParameter): Name = "Mouser Part Number"; Value = "621-DMP3028LK3-13"; VariantName = "[No Variations]"
Add component (AddParameter): Name = "Mouser Price/Stock"; Value = "https://www.mouser.co.uk/ProductDetail/Diodes-Incorporated/DMP3028LK3-13?qs=OVC8WVYZliSFpRP3sPErZQ%3D%3D"; VariantName = "[No Variations]"
Added Component: Designator=Q2(DMP3028LK313)
Add component (AddParameter): Name = "Arrow Part Number"; Value = "DMP3028LK3-13"; VariantName = "[No Variations]"
Add component (AddParameter): Name = "Arrow Price/Stock"; Value = "https://www.arrow.com/en/products/dmp3028lk3-13/diodes-incorporated"; VariantName = "[No Variations]"
Add component (AddParameter): Name = "Datasheet Link"; Value = "https://componentsearchengine.com/Datasheets/1/DMP3028LK3-13.pdf"; VariantName = "[No Variations]"
Add component (AddParameter): Name = "Height"; Value = "2.39mm"; VariantName = "[No Variations]"
Add component (AddParameter): Name = "Manufacturer_Name"; Value = "Diodes Inc."; VariantName = "[No Variations]"
Add component (AddParameter): Name = "Manufacturer_Part_Number"; Value = "DMP3028LK3-13"; VariantName = "[No Variations]"
Add component (AddParameter): Name = "Mouser Part Number"; Value = "621-DMP3028LK3-13"; VariantName = "[No Variations]"
Add component (AddParameter): Name = "Mouser Price/Stock"; Value = "https://www.mouser.co.uk/ProductDetail/Diodes-Incorporated/DMP3028LK3-13?qs=OVC8WVYZliSFpRP3sPErZQ%3D%3D"; VariantName = "[No Variations]"
Added Pin To Net: NetName=out_a Pin=Q1-1
Added Pin To Net: NetName=MOSFET_A Pin=Q1-2
Added Pin To Net: NetName=NetJP1_1 Pin=Q1-3
Added Pin To Net: NetName=out_b Pin=Q2-1
Added Pin To Net: NetName=MOSFET_B Pin=Q2-2
Added Pin To Net: NetName=NetJP3_1 Pin=Q2-3
Added Member To Class: ClassName=MOSFETS Member=Component Q1 DMP3028LK3-13
Added Member To Class: ClassName=MOSFETS Member=Component Q2 DMP3028LK3-13
